<?xml version="1.0" ?>
<testsuite errors="1" failures="0" name="TestArrayPartition1-20180507151503" tests="1" time="0.000">
	<testcase classname="TestArrayPartition1" name="test_basic" time="0.000">
		<error message="4 != 6" type="AssertionError">
<![CDATA[Traceback (most recent call last):
  File "test/test.py", line 10, in test_basic
    self.assertEqual(self.sln.ArrayPairSum([1,5,2,3]), 6)
AssertionError: 4 != 6
]]>		</error>
	</testcase>
	<system-out>
<![CDATA[]]>	</system-out>
	<system-err>
<![CDATA[]]>	</system-err>
</testsuite>
